<?xml version="1.0" encoding="UTF-8"?>
<!-- Generated by org.testng.reporters.JUnitReportReporter -->
<testsuite hostname="DESKTOP-MVO6FNA" failures="0" tests="1" name="testCases.T01_homePageValidation" time="3.439" errors="0" timestamp="2022-03-30T21:13:55 ADT" skipped="0">
  <testcase classname="testCases.T01_homePageValidation" name="homepage" time="3.439"/>
  <system-out/>
</testsuite> <!-- testCases.T01_homePageValidation -->
